[ERROR] 2017-12-04 20:23:35,385 - 6084 - asyncio - default_exception_handler() - Task exception was never retrieved
future: <Task finished coro=<BaseEventLoop.create_connection() done, defined at C:\Users\Mr.Trojan\Anaconda3\lib\asyncio\base_events.py:680> exception=TypeError("'RemoteTCP' object is not callable",)>
Traceback (most recent call last):
  File "C:\Users\Mr.Trojan\Anaconda3\lib\asyncio\base_events.py", line 803, in create_connection
    sock, protocol_factory, ssl, server_hostname)
  File "C:\Users\Mr.Trojan\Anaconda3\lib\asyncio\base_events.py", line 818, in _create_connection_transport
    protocol = protocol_factory()
TypeError: 'RemoteTCP' object is not callable
[ERROR] 2017-12-04 20:23:35,700 - 6084 - asyncio - default_exception_handler() - Task exception was never retrieved
future: <Task finished coro=<BaseEventLoop.create_connection() done, defined at C:\Users\Mr.Trojan\Anaconda3\lib\asyncio\base_events.py:680> exception=TypeError("'RemoteTCP' object is not callable",)>
Traceback (most recent call last):
  File "C:\Users\Mr.Trojan\Anaconda3\lib\asyncio\base_events.py", line 803, in create_connection
    sock, protocol_factory, ssl, server_hostname)
  File "C:\Users\Mr.Trojan\Anaconda3\lib\asyncio\base_events.py", line 818, in _create_connection_transport
    protocol = protocol_factory()
TypeError: 'RemoteTCP' object is not callable
[ERROR] 2017-12-04 20:23:39,970 - 6084 - asyncio - default_exception_handler() - Task exception was never retrieved
future: <Task finished coro=<BaseEventLoop.create_connection() done, defined at C:\Users\Mr.Trojan\Anaconda3\lib\asyncio\base_events.py:680> exception=TypeError("'RemoteTCP' object is not callable",)>
Traceback (most recent call last):
  File "C:\Users\Mr.Trojan\Anaconda3\lib\asyncio\base_events.py", line 803, in create_connection
    sock, protocol_factory, ssl, server_hostname)
  File "C:\Users\Mr.Trojan\Anaconda3\lib\asyncio\base_events.py", line 818, in _create_connection_transport
    protocol = protocol_factory()
TypeError: 'RemoteTCP' object is not callable
[ERROR] 2017-12-04 20:23:45,510 - 6084 - asyncio - default_exception_handler() - Task exception was never retrieved
future: <Task finished coro=<BaseEventLoop.create_connection() done, defined at C:\Users\Mr.Trojan\Anaconda3\lib\asyncio\base_events.py:680> exception=TypeError("'RemoteTCP' object is not callable",)>
Traceback (most recent call last):
  File "C:\Users\Mr.Trojan\Anaconda3\lib\asyncio\base_events.py", line 803, in create_connection
    sock, protocol_factory, ssl, server_hostname)
  File "C:\Users\Mr.Trojan\Anaconda3\lib\asyncio\base_events.py", line 818, in _create_connection_transport
    protocol = protocol_factory()
TypeError: 'RemoteTCP' object is not callable
[ERROR] 2017-12-04 20:23:45,761 - 6084 - asyncio - default_exception_handler() - Task exception was never retrieved
future: <Task finished coro=<BaseEventLoop.create_connection() done, defined at C:\Users\Mr.Trojan\Anaconda3\lib\asyncio\base_events.py:680> exception=TypeError("'RemoteTCP' object is not callable",)>
Traceback (most recent call last):
  File "C:\Users\Mr.Trojan\Anaconda3\lib\asyncio\base_events.py", line 803, in create_connection
    sock, protocol_factory, ssl, server_hostname)
  File "C:\Users\Mr.Trojan\Anaconda3\lib\asyncio\base_events.py", line 818, in _create_connection_transport
    protocol = protocol_factory()
TypeError: 'RemoteTCP' object is not callable
[ERROR] 2017-12-04 20:24:02,530 - 10488 - asyncio - default_exception_handler() - Task exception was never retrieved
future: <Task finished coro=<BaseEventLoop.create_connection() done, defined at C:\Users\Mr.Trojan\Anaconda3\lib\asyncio\base_events.py:680> exception=TypeError("'RemoteTCP' object is not callable",)>
Traceback (most recent call last):
  File "C:\Users\Mr.Trojan\Anaconda3\lib\asyncio\base_events.py", line 803, in create_connection
    sock, protocol_factory, ssl, server_hostname)
  File "C:\Users\Mr.Trojan\Anaconda3\lib\asyncio\base_events.py", line 818, in _create_connection_transport
    protocol = protocol_factory()
TypeError: 'RemoteTCP' object is not callable
[ERROR] 2017-12-04 20:25:15,892 - 14528 - asyncio - default_exception_handler() - Task exception was never retrieved
future: <Task finished coro=<BaseEventLoop.create_connection() done, defined at C:\Users\Mr.Trojan\Anaconda3\lib\asyncio\base_events.py:680> exception=TypeError("'RemoteTCP' object is not callable",)>
Traceback (most recent call last):
  File "C:\Users\Mr.Trojan\Anaconda3\lib\asyncio\base_events.py", line 803, in create_connection
    sock, protocol_factory, ssl, server_hostname)
  File "C:\Users\Mr.Trojan\Anaconda3\lib\asyncio\base_events.py", line 818, in _create_connection_transport
    protocol = protocol_factory()
TypeError: 'RemoteTCP' object is not callable
[ERROR] 2017-12-04 20:25:15,901 - 14528 - asyncio - default_exception_handler() - Task exception was never retrieved
future: <Task finished coro=<BaseEventLoop.create_connection() done, defined at C:\Users\Mr.Trojan\Anaconda3\lib\asyncio\base_events.py:680> exception=TypeError("'RemoteTCP' object is not callable",)>
Traceback (most recent call last):
  File "C:\Users\Mr.Trojan\Anaconda3\lib\asyncio\base_events.py", line 803, in create_connection
    sock, protocol_factory, ssl, server_hostname)
  File "C:\Users\Mr.Trojan\Anaconda3\lib\asyncio\base_events.py", line 818, in _create_connection_transport
    protocol = protocol_factory()
TypeError: 'RemoteTCP' object is not callable
[ERROR] 2017-12-04 20:25:20,811 - 14528 - asyncio - default_exception_handler() - Task exception was never retrieved
future: <Task finished coro=<BaseEventLoop.create_connection() done, defined at C:\Users\Mr.Trojan\Anaconda3\lib\asyncio\base_events.py:680> exception=TypeError("'RemoteTCP' object is not callable",)>
Traceback (most recent call last):
  File "C:\Users\Mr.Trojan\Anaconda3\lib\asyncio\base_events.py", line 803, in create_connection
    sock, protocol_factory, ssl, server_hostname)
  File "C:\Users\Mr.Trojan\Anaconda3\lib\asyncio\base_events.py", line 818, in _create_connection_transport
    protocol = protocol_factory()
TypeError: 'RemoteTCP' object is not callable
[ERROR] 2017-12-04 21:12:36,683 - 1576 - asyncio - default_exception_handler() - Exception in callback _SelectorSocketTransport._read_ready()
handle: <Handle _SelectorSocketTransport._read_ready()>
Traceback (most recent call last):
  File "C:\Users\Mr.Trojan\Anaconda3\lib\asyncio\events.py", line 127, in _run
    self._callback(*self._args)
  File "C:\Users\Mr.Trojan\Anaconda3\lib\asyncio\selector_events.py", line 731, in _read_ready
    self._protocol.data_received(data)
  File "C:/Users/Mr.Trojan/PycharmProjects/network/server_2.py", line 162, in data_received
    buffer = request + b'\r\n' + headers + b'\r\n\r\n' + payload
TypeError: can't concat list to bytes
[ERROR] 2017-12-04 21:12:40,023 - 1576 - asyncio - default_exception_handler() - Exception in callback _SelectorSocketTransport._read_ready()
handle: <Handle _SelectorSocketTransport._read_ready()>
Traceback (most recent call last):
  File "C:\Users\Mr.Trojan\Anaconda3\lib\asyncio\events.py", line 127, in _run
    self._callback(*self._args)
  File "C:\Users\Mr.Trojan\Anaconda3\lib\asyncio\selector_events.py", line 731, in _read_ready
    self._protocol.data_received(data)
  File "C:/Users/Mr.Trojan/PycharmProjects/network/server_2.py", line 162, in data_received
    buffer = request + b'\r\n' + headers + b'\r\n\r\n' + payload
TypeError: can't concat list to bytes
[WARNING] 2017-12-04 21:21:33,496 - 6196 - root - data_received() - <class 'ValueError'> not enough values to unpack (expected 2, got 1) b'\x1f\x8b\x08\x00\x00\x00\x00\x00\x00\x03\xe4}Yw\x1a\xc7\xb6\xf0\xb3\xbdV\xfe\x03\x97\xb3\x8e-\xdf\x13A\x8f4\xd8\x96\xb2\xe4!\x89\xefq\x12;\xf6\x19\xee\xc9\xcd\xd2\xea\x11Z\x02\x1aA\xa3)\xce_\xb8\xcf\xdf\xab\xac\x0c\x8e\xa58\x9a\xd0\x04\x9a\x11Bh\xc2\x1a\x90\xe3\xccvbgp\x12\x0f\x89\xc7$\xeb\xab\xean\xa0\x81\x06\x81,g8WN\xa4\x1e\xaav\xed\xda\xb5kO]\xb5\xeb\xe0\x7f\x1cy\xe9\xf0\xe9\xff>q\xd4\xe4\x92=\xee\xda\xdd\x07\xe1\x1f\x93\x9b\xf6:k\xcc\xed\xae\xea\xc3/\x9a\xe13\x9e\xe6\xc0\x1f\x0f/\xd3&V\xf2\xca\xbcW\xae1\xcb|\xabl\x85\xa5\x0f\x98X\x17\xed\x0f\xf0r\x8d\x93\xc1p\x143\x03P\xb2\xaf\x9ao\n\x8a\xcd5\xe6\xc3j\xf9\xea\xd3m>\xde\x9c\x06\xa2/\xf0\xcf\xea\xbf\xd5U\x1f\x96<>Z\x16\x197o\xce\xb6p\xech\r\xcf9\xb3\xb5\xbc\xb4\x87\xaf13\xb4\xc8\x05\xab\x03\xa2\xccW7\xf3~Q\x10YPQ\xf2\xea\xea\xb1'
[WARNING] 2017-12-04 21:21:33,496 - 6196 - root - data_received() - <class 'ValueError'> not enough values to unpack (expected 2, got 1) b'\xc0\xd5\xf6\xc3\xc9\x8aU\xbd\x96\x9e\xb7\xfb5\x16\x86"e\xef\xd3@\x92\xef\xdf\xbb\xf7\xf5\xa7\xd1}\x90\xaa0\xf2\x91\x83%\x98\x9en\x00{\xe1\xe2\xc8\x90Y/\x03\xd5w\x8ai[\x86\x97\xa8\x80;\xa5\xb4\n+\x82g\x04b\xc3\x1c\xd0\x1b\xcc\x10P\xb5\xfc1<k\xf8+\xd7\x90\x80i\xd1e\xc8\xcb\xc0\xa0\x91s\x18Yy\x90a\x8d\xa0;\xcb%\x99k\x1d\x93\xe8/\x0b\x80\x1f\x92\xbd\x99\xe9\r\xfccY\xf2\xea\x1a\x82/5\xfe\x08\x04\x19\x8f\x08\x1a\x85d:hUK\xe6\x83?h\x85\x12R\'ywmm\xffg\x8d\x1b\x95\x82.\xa9\xa5J\xb1\xea\xf5/\x02\x92\xeeyV\xc5\x15j&\xd1\xfb\x9c\x9fn3g\xbd\x1b\xe5VE.\xc7g\x83\xcf\x8f)!h\xad\xb2\xe07gtU\x86\xdd\xa0)\x90f\xe0,\xda\xfb\x9b%\x91\xabB\xf6\x99s\x1a\xcek\xf4\xb8bC\xe9XUg\xbb\x1d\xd0k\x18\xf0\xab\x91o3\xd7f\x95W\x86\x9ci\x8c\x81\xf7\xe3.\x89p\x8er'
[WARNING] 2017-12-04 21:21:33,498 - 6196 - root - data_received() - <class 'ValueError'> not enough values to unpack (expected 2, got 1) b"\xcc\xfa\xad\x87]-xX\xf2\xe6\x0e\xb4qaU4\xe4\xb3\x9e\xc4i\xfb\xd3j\xf3Ym\x17\x18\xa0\xb1[\x8b7r:\xa0<5fb\x08\xe9y@A> \x1bI\x07\x18\x99\xc8ry\xc75Sq(\xc7\xa5\x96\x12@\x8eC\xaf\xa8Z\xef\t\x19M\x08\xd1\t\xba\xd4q-3\x10\xbe\xca'\xd5NP\xd7#\xf9\xfdRKq\x02\xcf\xdc\xab\x80\xc0*\xb0\x1d\xa0\xb1\n\xe8\xf7Ff`\xd8\xab\tr\xb6M\xef:A\x06\x8asK\xa2\x8f\xde)\x9b\xe89\x10\x1f\x9b\xf29\xd0~e\xf2\xe7m\xad/\xba\xd1^\xd1\xd7\xd0\x89\xd9\x11u\x9d}\xa5`\x08\xd3\xfc\xa8\x1fi\xf5\x06\x86\x11\xaf\x94RV\xf9d}\x99\x0f\xf0\x86\x84T_\xd4\xbe\x12N\r\x0fD\xbb\xe3+\x85\xfa\xad<\x81\xac\xa6AH/\x0b\xd8\x92\xa3O\xf8%\xb8<\xb5\xb0\xfc\x16\x15\x8e\xf0\x02\r\x0c\x10\xb3f\x99\x01\x05\xae\xbc\x00\xee\xaf\xb9\x16\xfaA\x90n\xf9\xdc\\\x12\xa0\x8aw\x01\xbdr\xdf\xea\xc1\xe5\xee"
[WARNING] 2017-12-04 21:21:33,542 - 6196 - root - data_received() - <class 'ValueError'> not enough values to unpack (expected 2, got 1) b'\r\x14?\x1c#\xbd\x7f9\x9d\xee\tPNr\x07e\xfe\x00\\\x9d\x83\xa8G\xe3\xa2\x94\xba\x9f9}jF\x81\xf1\x94\x9920q\x07\xaf\x8d\xd3\x7f\xd5\xa7\xef\x8c\xe7\x87n\xa5\xe5\x81\xfc\x13\x9a\xf2\xd6\xbd\x92\x05\xeb^\x1bD\xaf_\xf4\xf3\x8c\x94\r\xc1\xeaX\x81\xe1\nF\xba\x0c\x83D\x0fA9\xc9\x04\xf2"\\\x14\x9b\x0f+o\x91d\x06)\xf5\xa5/\x9b1O\x918\x05cW\xa1\xb7\xdf\x0c\xbd9\n\xa19gS\xa9l\x86J\xe0\x18\xba\xfe}\x83\xbd\xf1\xcd\xf5\xc8\xe8\xc0\x1d`\x99\\5o/,m\xa7P\x14\xf8F\x14N*a\xe9\xda\x1c;\xd20z{\xd0\xa7\xa3A\x8b\xe4\xe7\xf4\xa2\xb4!P\xdd\xac&\xf2\x82\'~\xc0k\x982C\xb9\x86\xe7\xc4?.z;O\xd2BB\xa67\xe2?\xb5\xbb\x04\x11~\x97?E\xf8\xda_\xc0\xd7X)\xbe\xc6\x1e\x97\xaf\xf1V\xdcK\xf1.)@p\xedr;omA\x80\x92\x91[\xdd\x1c\xe6\xd9\x92\xaf#\xc33\x9b\x9d'
[WARNING] 2017-12-04 21:21:33,557 - 6196 - root - data_received() - <class 'ValueError'> not enough values to unpack (expected 2, got 1) b"\x0c\x19\x1e\xd8Nm\x08\xaa8?\x18L\x84@\xa26\x14\xc1\xc0\xc4S\x89\xb1\x16_\xfe\xfe\xb1\x88\x91\xe1=\x0c\xf0\x1eA\xa6\x93#w\xf4\xcc\xf5\xcc^X\xbb\xb8yn5\x14~\xbb\xa3wpv\xfc\xabD\xef|2vsr\xa07\xbe\xf0\xee`d\xf2\xde\xe8[\xc5X\x8f\x00\x12\x95\xb4S\x18\x89c\x14\x89\xf0\x04\x83\xe2\xf0\\\x10\xc6\x81@QL\x15c=\x02Ax\x1b\xcf \xbc`\xe7i^\xa0l\x0e\x07#8\x18\x02\xf0,J\xd2v{e\xacGV@\x7fh\xa1f(\x02\xaeU\xab[\xa1D\x7fh\xf3\x8b\xca(\x0c\xbf\xc8X\xf4\x10Y\xda_\xef\x0b2n\x91\xb5\xa2p\xfd\xb8[d\xea91\xe0\xab\xf7\xbaU\xcb\xfe\x19\xb6\xc9\x07\x94&FQ6\xe4O\xba\xeb=\xca\x95\x8d\xc0\x1c\x14\xe0\xa6\x13\x7f5\x11soG\xbf\x9e\x99\x9c\xbd\xd0\xd91\x19\xe9{'\xfc \xfaY\xff\xdd\xa9\x85\xe1\xbb8|1\xfba\x7f\xa8\xd8\x90\xe0\x0e\x92f1\xd6\xce3,\xc2\x93"
[WARNING] 2017-12-04 21:21:33,558 - 6196 - root - data_received() - <class 'ValueError'> not enough values to unpack (expected 2, got 1) b'\x1f\xc9_\x13\xa4N\xect\xc3\xed\x9am\xa16\xeai\xd3\xde\xe6\xcf\xa2\xecJ\xa0\xceQS^\xc3\x01\x1f\xed\xd5j{\x02N\x9d\xcc1\x98\x8d+\x8fV\xce\xaa\x15\xb4\xf6=m\'D8\x9b\xf4\xf5\x03\xb2_\xf2:\x15^\xd5.\xc1\x05\xa8S\xab\n"\xe5\xb28\x0e\xedEDp\tZ\x14\xa4\xb0\x9b\xcb\xc3\xf1_.:\x8d\xa4\xc6\x8f\xc8c\xe3\xc9=>\x9e\xa1\xfbyx\x1e\x11\xf9\x1c,\xd1\xc7\xc6\xd2\xf7\xf8X\xc6\xc6\x8a\x8e\xb8\x86&V1\x9a\xb93I\xa7\x90\xf2\xa4X\xe6&\'\xfa\xba\xa5\xbd\xe4i{V\xed\xdb!h\xa9f1=\x0e\x8d\x1c\xe3\xe9\x08\xa4\x85G\x02\x82\xc2\x03\x04`\xcd^\x19X-\x16\xa5\x9cE+\x06\xf4\xcf\x81\xbd\x06\x9aR\xdf\xd41\x18\xa4\xc8\xaaF`e\xb9\xf9l\xbfd\xbf\xae\xc72\x973\xcf\n\x88nC\xe0\xe9J*\xedd\xae\x82\x8aS\xe7\xc3C\xab\xef\xac\x86\x0c\xab\xe6\xcf\x88\xda\xbf\x90\x16\xcc\xfe\xe72\xca\xa1\x16\x1b\x92[\x0e\xdc\xf8'
[WARNING] 2017-12-04 21:21:33,559 - 6196 - root - data_received() - <class 'ValueError'> not enough values to unpack (expected 2, got 1) b'3\xe7eY\xe1\x15\xf3N\x9f\x84\x91>\xfd\x82 )T=\xfd\x02\xa7lv\x1c7\xd7\x86Vz>\x9a\x8d\x01\xf13v\x17\x05\\=3\xa9?Ph\xe70\xb6\xe4\x99\x12\xca2\x08\x99\x96X\x17\x0f\x14\xea\xd7\xf3\xef\x01\x0b\xf3}\xd3j8\xf5FG\xcf\xc0\xa3\x8e\xde\xcdOr\xb1\xd8Q3sK\xc3\x11Ai\x07\xc7a8&\xd8Y\xca\xc1:\x04\x94\xe6X\x14\x85\x07"18JR\x85a\x93\xe2q\x93\xfc=\x00\xfa\xfc\xea\xe9\x0f\x92\x806\xc7\xa5\x96\x13p#\xd5iQ\xd6\xb6#\x19\xa5o\xc9\xa9\xd6 \xd2^\'\xf8\x05h\xd8*\x02\xcf1\x14\xf9\xa0?\xb4\x122\xdcy`\x08\x00\x98$\xae\xa0(\x04\xb9\xa0\xb9v\xf3\xbb\xe1O\xd6f\xc3\x1f\x95_\x1b\xb4\xec\x04\x98F>\x18\xbeU~%WP\xe2\x80\xb1\x15p\x89\x10{s-\xcc\xcc\x93\xe8\x85I\x96\x8aB\xd8U\xf2\x9d\xb6\xb3KO\xc2\xbf\xb9\x8b\x11=\xef\x9c\x8b\xc3u/\xd7\xff\xd7\xb1\xba\x17\x9f\x03\xbf\xea'
[WARNING] 2017-12-04 21:21:33,567 - 6196 - root - data_received() - <class 'ValueError'> not enough values to unpack (expected 2, got 1) b"\xab]\xf9m\x1b\xcbh\xd8~\r\xd3\xa7\xedi\x83\x01\xa5,\xcf\x9d\xc1\xd8T\xf0\xc9\xee\xda\x86\x1f\xb5\xdc\x86_@\x1f\xc9\xdb\xf0\x08\xfa\xd7\xf7\x8f\xa0\x1f\x7f\xfd\xe9\x87\x9fh(\xe4\x13\xf5\x17\xc8'\xed`[\x96t\x85\xe15-~ \x0c\xd3\x18\xcd\xd0\xb4\x92d1\n\xa3)\n\x87P%E\x12\x0c\xc10\x10M\xc2D\xb3\x16\x0e\x18N\xa8\x08\n\xe2a\x8e%H\x0ca\tLI30\xa2\xc2Q\x12$\xf35j\xe1P\xed\nP\xb7\xbb\x1av\x05\xd8\xd9^\xf0\xd7\xa5E\xcdG\xf3\x08f\xe3\x80\xde\x91*\xe6'\xa2!\x93\xbd4is{\xe6\xa2\xb6\x90\xad\x10\x13\xa4\xa8\xd11\xa3\x88]\x14l\xbe\xac\xfc\xb7\xddo\xdf]6\x1bYU\xac:\xdbn9\x1c\xceK\xc5\xb4\xf9q\xd8\x0fS\xa5\ta\xdc}WQ\xba\x1a|\xe8\xbc\x82@\xc4~b\xadz\xe2v#\x86W\x1bf\x1c\x0c\xa7JN\xd0\x00\x06\xf4>\x88\xc4\x81\x01C\x90\x92\x0f\xb2Br\xd0\x99\xd9\x8d\xba=\\"
[WARNING] 2017-12-04 21:21:33,593 - 6196 - root - data_received() - <class 'ValueError'> not enough values to unpack (expected 2, got 1) b'8F`\x14V;\x19\xa4\xdb\xf1i\xf3\x99\xc8\x9c~8\x19\xb5\x9e+\xde\x8fOo\xf3\x9a8\n\x16+\x86\x12\x18R[\x13\xb6\x81\xe89\xf7\xa3\x84+%$\xcc\xbbvE,:\xa5\x15\xfb\x0ef\xf2\xa1\xbb[\xbb\x1e\x1a\xca\t0M\xd3P\xb5(\xb6Lj\xcf\x93\xc8e\x93\xe8\xf0\x87C[\xb8\n\x96\x02\xd6^\x05L\xe6WDM\x88\xf3\x87=!\xf3\x0f\xdf\xcf\x85n\nSR\xf1\xd7\xb1\nz\xe4\xef5\xea\xde\xbe\x85*=2\xa2\x81\x91\xad\xaea\xb3l]t\x00\xf2\x13\x04\x86bT\xad%\x83s(h\x8b^K\xfc\x12\xb9\x1f\xb9o\xfea\x1b\xd7\x86\xa6\xf3(+\x0bf\x08&\x1fg\xb5\xb5a\x9f\xf3?J\xeb\r\xf9h(0\x12\x99\xdb\xb5kc\x91\x14+c\x15\xc8\xe4\xb7\xb8@\xcf\nb4J\xc14N\xed;\x98K\x17\x8b\x8eY\xfb\xb0+-\xf8\xbe\x9f\xdb\xc2\x85\xb0\x12p\x14\x8c\xc1\x98,\xe3{n\x86\xa6\xcc!\xbd\xc3sk\xec\xa5\xd5\xd3l\x9d\xee\xcc'
[WARNING] 2017-12-04 21:21:33,593 - 6196 - root - data_received() - <class 'ValueError'> not enough values to unpack (expected 2, got 1) b"\xe8#\xeftnF\xfa1\xedB\xa1\xc4L\xf0\xe1\xce\n4j\xba\x94\xe7\xd5 C\xd1\xf7\x839b?\x979\xafw\x84<\x81\xab\x82\xe4\xcc\x9a\xcf\x80\xd6\x17\n\x93X\xf9`\xf4\xc5\xce\xeb\x84\xd1\x141Y\xc5\xabv\x02\x95',v\xcd~\xd5p:\x1bO\xc4\xd2\xdf\xe9\x87)\x08\xca\xdd\xf0?\xcf\x9c\x8f\xcc\x85~\xca\x8f\xba\x86\x82\xb7\xbc?\xa7|\xdb[fb\x89\xcc\xd7\xb2\xe6\xe7\xa2s\xeb\xe0\xe8m\xe3C\xeb\x84\xf8R?\x8c\xdb\x8a\xc5\\\xe1\xb9\xe7^\xf4\x97\x8d\x17v\xd8\x08P\xe57m\x88\xcc\xdf\xe9\xb6n\x98\xa0)\xa8\x96\xd0\x1at\xf9o\x83\xf2,\xb6;\xa3\x8f\\&\xd7\xe4F\xcb;\xec\xa4\xa9\xa8aMa\x94\x8c5\tC\xf3\xc1\xc0\xd6g\x89K\xe9<\x90|\x8c\x03\xa3\xb7w\xc8\xdc \x04\x98\x1b\x8a\xc0jPFG\xc0\xfa\t\xff\xe4\x0f\xc4\x9c\xc9a\xc1\x99p\xee\xb4\xd9Y\x17k\xa8J\x8c\x0b\x12\xe2\x7f+\xb6\x01\x8aEI\xd0\xf2\x12\xa90(\xef\xcf"
[WARNING] 2017-12-04 21:21:33,602 - 6196 - root - data_received() - <class 'ValueError'> not enough values to unpack (expected 2, got 1) b"N\xa8P\xfcxU\xd1Z\x81\xaa\x89\x9f\x13?[s\xde\xd3\xf6s\xab\xa7+\x08k\x81at\x81\xb2(\x84\xc2\xf4jV\xe2k\x02\x7f\x01\xe8\xad'\xf61\x98R\x1d9\xd1\xcf\x12x/\xa5b\xb8\xb6\x1e\x08\x82)\xec\xd8\xd1c\x0c\xde\x92\xd8\xfed\xea'\x87\xa70\xbc\x06R\xe3\xc8RR#4\xb2nR\xaf\x1d\xf8\x1a\xc8k&\xf4\xa6\xc7\xc1l\x93uj\xd5rQ\x1d\x07a{\xb4@\x91\xad\x05\xaf\xbf/\xeb\xb2\xf0\x9f?\xff\xbc*\xd3\x07.\x05.Y\x87\xc3\x85\xdc\x88\xc9\xe93\xbb#\x89\xdbc\xd7_\x93\xe2\x8d\xae\x07\xda\xc5\xfc\x0e\xa3\xeb\xd2\xa2\xd3\xbehQ\x8a\x1b\x8a\x8e\x84\xf1\x9c\xf1\x9c 9R\x95z\xa6\xbb\xd8(\xd2\x14q\xbcVJ\x7f\xb4 \xde,]\x07\x11\xd1\xc6s&1\xec\xb7=\xdeZ\x01\xbb)\x84$Y\x8df2\x1a\xc7.\xe4J\xd6gy\x83\xd5%8\xc3C\xa3\xa6\xd1\xd0\xeb\x9e\x96M\x88\xe6n\xc8\xa2pF\xab\xe9B\xe1o;X\x88B:"
[WARNING] 2017-12-04 21:21:33,603 - 6196 - root - data_received() - <class 'ValueError'> not enough values to unpack (expected 2, got 1) b'\xf2\xa8eh\xcd&"\n\xff\xf9\xb3\xbfo\x1c\xd1O>\xfa\xf2Ks\xdey\xce\xf6\x83\xfbQ!\x1b0(*\xa6\xec\xf49\xc1e\xba\x17|\xba!\xf46\x9c<\x01\xa6\xf3\xaf\xff\xfcp\xe3X\xfe\xf3\x83\xd1\xeb\xa6)\xcb\xacxW\xf1\x9eV\xe6\xf7\xd2T\xd6\x14\x1f2e\xbd1Cd\x1b\x97*\xfc\x97\xbf\xbe\x06N\xf5s\xb8\x00\x96\xaa}b\xec\x05\x88\xb4\xf3\xdf\xf6^vMFN\xeb\x87\xf3O\x0372O\xcd\x8fG\x07\x8as\xc5\x91\xc8\xa3\xed\xc3\x94<\xf4\xf5\xa1\x8dc*\xdc\x19s\x08\x13Y\x11\x14\xedx\xef\xb3/u\xd6\x9a\x11Gg\x93_e\xc6^6D\xb0\x9a\x93\xda\xbcz9E\x13\x14A\x10J\x8a\xc5\x18\x86U*I\x06\xc51\\E\x93(OS\x14\xc7o\xb8z9wr>\x8fsq\x9eiK\xd7)\xb7\xac\x9c\xb9\x0c\xbfba\x9e\xb8\x93oi\xd4]G\x14\xb5v\n\xcb\x93\x1a\xe6\xa7\xe3\xb8\xb6G\xc3U\x13\x18{\x1bV\x9f\xad\xf7Hj\xb4J'
[WARNING] 2017-12-04 21:21:33,608 - 6196 - root - data_received() - <class 'ValueError'> not enough values to unpack (expected 2, got 1) b'7?v\xe5\xee\xafN\xf4\xd5n~c\xc9z\xad\x81\xbf\x90\xcd\xfaF\xeds\xfbP\xf6\xf6Z\xd0\xfaP\xdb\xd5~r\x01\xad\xf6\xf2\xdbE5|*\x9f\xb4\xecrS\xbe\xadU\x9b\x9b\xf2M\xcd\xc3}\x01\xf0\x8b\xc3}\x9bF\xeb\x02\x88\x9b\x84\x02\xac\xe8\xaaX\xd16\xdf[\x1f\xf1p\xa2\x8d\x05\x9b\xba\x8dj?\xd2+\xab\xa48\xd4\x85\xc0\xdd\xddp[\'\x84cdG\x7f\xd7\xc9~m5\xf6\xa1\xce\xfa\xbf\x16\xb7\x05D\xd7\xdc\x16\x10N\xc1\x10L\xe3\x84\xbc\xc3\xf0:\xb7\x85\xdb\xe2|n\x9as\xccf\x8b\xb9\x9f\xf5\x8eB\xc46\x93\xbcf\x1b\x88\xe7\x8cWA\xe7\xf4\xd4\x8dz\xbc\xea\\\x16\x8b\x9d\x00+;,Z\xfa+\xd6I\x93V\xa0/s]\xac\xd1s\xd1\xa4\xaaQe\x17\xd5N\x97\x96\xaax\x9d(\xbffI\xbeU5\xcaEk\xbd"\xc4C\x04P\x92\x11\xacj\x89\xf9M\xf7;\xf0\xbe\x83\xa6\xf1\xd0\xd3\xb4\x0e4\xac\x04Y\xac&1j5\\\xf7\xddK]\xd7\x0f'
[WARNING] 2017-12-04 21:21:36,972 - 6196 - root - data_received() - <class 'ValueError'> not enough values to unpack (expected 2, got 1) b'\x1f\x8b\x08\x00\x00\x00\x00\x00\x00\x03\xe4}Yw\x1a\xc7\xb6\xf0\xb3\xbdV\xfe\x03\x97\xb3\x8e-\xdf\x13A\x8f4\xd8\x96\xb2\xe4!\x89\xefq\x12;\xf6\x19\xee\xc9\xcd\xd2\xea\x11Z\x02\x1aA\xa3)\xce_\xb8\xcf\xdf\xab\xac\x0c\x8e\xa58\x9a\xd0\x04\x9a\x11Bh\xc2\x1a\x90\xe3\xccvbgp\x12\x0f\x89\xc7$\xeb\xab\xean\xa0\x81\x06\x81,g8WN\xa4\x1e\xaav\xed\xda\xb5kO]\xb5\xeb\xe0\x7f\x1cy\xe9\xf0\xe9\xff>q\xd4\xe4\x92=\xee\xda\xdd\x07\xe1\x1f\x93\x9b\xf6:k\xcc\xed\xae\xea\xc3/\x9a\xe13\x9e\xe6\xc0\x1f\x0f/\xd3&V\xf2\xca\xbcW\xae1\xcb|\xabl\x85\xa5\x0f\x98X\x17\xed\x0f\xf0r\x8d\x93\xc1p\x143\x03P\xb2\xaf\x9ao\n\x8a\xcd5\xe6\xc3j\xf9\xea\xd3m>\xde\x9c\x06\xa2/\xf0\xcf\xea\xbf\xd5U\x1f\x96<>Z\x16\x197o\xce\xb6p\xech\r\xcf9\xb3\xb5\xbc\xb4\x87\xaf13\xb4\xc8\x05\xab\x03\xa2\xccW7\xf3~Q\x10YPQ\xf2\xea\xea\xb1'
[WARNING] 2017-12-04 21:21:36,972 - 6196 - root - data_received() - <class 'ValueError'> not enough values to unpack (expected 2, got 1) b'\xc0\xd5\xf6\xc3\xc9\x8aU\xbd\x96\x9e\xb7\xfb5\x16\x86"e\xef\xd3@\x92\xef\xdf\xbb\xf7\xf5\xa7\xd1}\x90\xaa0\xf2\x91\x83%\x98\x9en\x00{\xe1\xe2\xc8\x90Y/\x03\xd5w\x8ai[\x86\x97\xa8\x80;\xa5\xb4\n+\x82g\x04b\xc3\x1c\xd0\x1b\xcc\x10P\xb5\xfc1<k\xf8+\xd7\x90\x80i\xd1e\xc8\xcb\xc0\xa0\x91s\x18Yy\x90a\x8d\xa0;\xcb%\x99k\x1d\x93\xe8/\x0b\x80\x1f\x92\xbd\x99\xe9\r\xfccY\xf2\xea\x1a\x82/5\xfe\x08\x04\x19\x8f\x08\x1a\x85d:hUK\xe6\x83?h\x85\x12R\'ywmm\xffg\x8d\x1b\x95\x82.\xa9\xa5J\xb1\xea\xf5/\x02\x92\xeeyV\xc5\x15j&\xd1\xfb\x9c\x9fn3g\xbd\x1b\xe5VE.\xc7g\x83\xcf\x8f)!h\xad\xb2\xe07gtU\x86\xdd\xa0)\x90f\xe0,\xda\xfb\x9b%\x91\xabB\xf6\x99s\x1a\xcek\xf4\xb8bC\xe9XUg\xbb\x1d\xd0k\x18\xf0\xab\x91o3\xd7f\x95W\x86\x9ci\x8c\x81\xf7\xe3.\x89p\x8er'
[WARNING] 2017-12-04 21:21:36,973 - 6196 - root - data_received() - <class 'ValueError'> not enough values to unpack (expected 2, got 1) b"\xcc\xfa\xad\x87]-xX\xf2\xe6\x0e\xb4qaU4\xe4\xb3\x9e\xc4i\xfb\xd3j\xf3Ym\x17\x18\xa0\xb1[\x8b7r:\xa0<5fb\x08\xe9y@A> \x1bI\x07\x18\x99\xc8ry\xc75Sq(\xc7\xa5\x96\x12@\x8eC\xaf\xa8Z\xef\t\x19M\x08\xd1\t\xba\xd4q-3\x10\xbe\xca'\xd5NP\xd7#\xf9\xfdRKq\x02\xcf\xdc\xab\x80\xc0*\xb0\x1d\xa0\xb1\n\xe8\xf7Ff`\xd8\xab\tr\xb6M\xef:A\x06\x8asK\xa2\x8f\xde)\x9b\xe89\x10\x1f\x9b\xf29\xd0~e\xf2\xe7m\xad/\xba\xd1^\xd1\xd7\xd0\x89\xd9\x11u\x9d}\xa5`\x08\xd3\xfc\xa8\x1fi\xf5\x06\x86\x11\xaf\x94RV\xf9d}\x99\x0f\xf0\x86\x84T_\xd4\xbe\x12N\r\x0fD\xbb\xe3+\x85\xfa\xad<\x81\xac\xa6AH/\x0b\xd8\x92\xa3O\xf8%\xb8<\xb5\xb0\xfc\x16\x15\x8e\xf0\x02\r\x0c\x10\xb3f\x99\x01\x05\xae\xbc\x00\xee\xaf\xb9\x16\xfaA\x90n\xf9\xdc\\\x12\xa0\x8aw\x01\xbdr\xdf\xea\xc1\xe5\xee"
[WARNING] 2017-12-04 21:21:37,038 - 6196 - root - data_received() - <class 'ValueError'> not enough values to unpack (expected 2, got 1) b'\r\x14?\x1c#\xbd\x7f9\x9d\xee\tPNr\x07e\xfe\x00\\\x9d\x83\xa8G\xe3\xa2\x94\xba\x9f9}jF\x81\xf1\x94\x9920q\x07\xaf\x8d\xd3\x7f\xd5\xa7\xef\x8c\xe7\x87n\xa5\xe5\x81\xfc\x13\x9a\xf2\xd6\xbd\x92\x05\xeb^\x1bD\xaf_\xf4\xf3\x8c\x94\r\xc1\xeaX\x81\xe1\nF\xba\x0c\x83D\x0fA9\xc9\x04\xf2"\\\x14\x9b\x0f+o\x91d\x06)\xf5\xa5/\x9b1O\x918\x05cW\xa1\xb7\xdf\x0c\xbd9\n\xa19gS\xa9l\x86J\xe0\x18\xba\xfe}\x83\xbd\xf1\xcd\xf5\xc8\xe8\xc0\x1d`\x99\\5o/,m\xa7P\x14\xf8F\x14N*a\xe9\xda\x1c;\xd20z{\xd0\xa7\xa3A\x8b\xe4\xe7\xf4\xa2\xb4!P\xdd\xac&\xf2\x82\'~\xc0k\x982C\xb9\x86\xe7\xc4?.z;O\xd2BB\xa67\xe2?\xb5\xbb\x04\x11~\x97?E\xf8\xda_\xc0\xd7X)\xbe\xc6\x1e\x97\xaf\xf1V\xdcK\xf1.)@p\xedr;omA\x80\x92\x91[\xdd\x1c\xe6\xd9\x92\xaf#\xc33\x9b\x9d'
[WARNING] 2017-12-04 21:21:37,041 - 6196 - root - data_received() - <class 'ValueError'> not enough values to unpack (expected 2, got 1) b"\x0c\x19\x1e\xd8Nm\x08\xaa8?\x18L\x84@\xa26\x14\xc1\xc0\xc4S\x89\xb1\x16_\xfe\xfe\xb1\x88\x91\xe1=\x0c\xf0\x1eA\xa6\x93#w\xf4\xcc\xf5\xcc^X\xbb\xb8yn5\x14~\xbb\xa3wpv\xfc\xabD\xef|2vsr\xa07\xbe\xf0\xee`d\xf2\xde\xe8[\xc5X\x8f\x00\x12\x95\xb4S\x18\x89c\x14\x89\xf0\x04\x83\xe2\xf0\\\x10\xc6\x81@QL\x15c=\x02Ax\x1b\xcf \xbc`\xe7i^\xa0l\x0e\x07#8\x18\x02\xf0,J\xd2v{e\xacGV@\x7fh\xa1f(\x02\xaeU\xab[\xa1D\x7fh\xf3\x8b\xca(\x0c\xbf\xc8X\xf4\x10Y\xda_\xef\x0b2n\x91\xb5\xa2p\xfd\xb8[d\xea91\xe0\xab\xf7\xbaU\xcb\xfe\x19\xb6\xc9\x07\x94&FQ6\xe4O\xba\xeb=\xca\x95\x8d\xc0\x1c\x14\xe0\xa6\x13\x7f5\x11soG\xbf\x9e\x99\x9c\xbd\xd0\xd91\x19\xe9{'\xfc \xfaY\xff\xdd\xa9\x85\xe1\xbb8|1\xfba\x7f\xa8\xd8\x90\xe0\x0e\x92f1\xd6\xce3,\xc2\x93"
[WARNING] 2017-12-04 21:21:37,048 - 6196 - root - data_received() - <class 'ValueError'> not enough values to unpack (expected 2, got 1) b'\x1f\xc9_\x13\xa4N\xect\xc3\xed\x9am\xa16\xeai\xd3\xde\xe6\xcf\xa2\xecJ\xa0\xceQS^\xc3\x01\x1f\xed\xd5j{\x02N\x9d\xcc1\x98\x8d+\x8fV\xce\xaa\x15\xb4\xf6=m\'D8\x9b\xf4\xf5\x03\xb2_\xf2:\x15^\xd5.\xc1\x05\xa8S\xab\n"\xe5\xb28\x0e\xedEDp\tZ\x14\xa4\xb0\x9b\xcb\xc3\xf1_.:\x8d\xa4\xc6\x8f\xc8c\xe3\xc9=>\x9e\xa1\xfbyx\x1e\x11\xf9\x1c,\xd1\xc7\xc6\xd2\xf7\xf8X\xc6\xc6\x8a\x8e\xb8\x86&V1\x9a\xb93I\xa7\x90\xf2\xa4X\xe6&\'\xfa\xba\xa5\xbd\xe4i{V\xed\xdb!h\xa9f1=\x0e\x8d\x1c\xe3\xe9\x08\xa4\x85G\x02\x82\xc2\x03\x04`\xcd^\x19X-\x16\xa5\x9cE+\x06\xf4\xcf\x81\xbd\x06\x9aR\xdf\xd41\x18\xa4\xc8\xaaF`e\xb9\xf9l\xbfd\xbf\xae\xc72\x973\xcf\n\x88nC\xe0\xe9J*\xedd\xae\x82\x8aS\xe7\xc3C\xab\xef\xac\x86\x0c\xab\xe6\xcf\x88\xda\xbf\x90\x16\xcc\xfe\xe72\xca\xa1\x16\x1b\x92[\x0e\xdc\xf8'
[WARNING] 2017-12-04 21:21:37,049 - 6196 - root - data_received() - <class 'ValueError'> not enough values to unpack (expected 2, got 1) b'3\xe7eY\xe1\x15\xf3N\x9f\x84\x91>\xfd\x82 )T=\xfd\x02\xa7lv\x1c7\xd7\x86Vz>\x9a\x8d\x01\xf13v\x17\x05\\=3\xa9?Ph\xe70\xb6\xe4\x99\x12\xca2\x08\x99\x96X\x17\x0f\x14\xea\xd7\xf3\xef\x01\x0b\xf3}\xd3j8\xf5FG\xcf\xc0\xa3\x8e\xde\xcdOr\xb1\xd8Q3sK\xc3\x11Ai\x07\xc7a8&\xd8Y\xca\xc1:\x04\x94\xe6X\x14\x85\x07"18JR\x85a\x93\xe2q\x93\xfc=\x00\xfa\xfc\xea\xe9\x0f\x92\x806\xc7\xa5\x96\x13p#\xd5iQ\xd6\xb6#\x19\xa5o\xc9\xa9\xd6 \xd2^\'\xf8\x05h\xd8*\x02\xcf1\x14\xf9\xa0?\xb4\x122\xdcy`\x08\x00\x98$\xae\xa0(\x04\xb9\xa0\xb9v\xf3\xbb\xe1O\xd6f\xc3\x1f\x95_\x1b\xb4\xec\x04\x98F>\x18\xbeU~%WP\xe2\x80\xb1\x15p\x89\x10{s-\xcc\xcc\x93\xe8\x85I\x96\x8aB\xd8U\xf2\x9d\xb6\xb3KO\xc2\xbf\xb9\x8b\x11=\xef\x9c\x8b\xc3u/\xd7\xff\xd7\xb1\xba\x17\x9f\x03\xbf\xea'
[WARNING] 2017-12-04 21:21:37,052 - 6196 - root - data_received() - <class 'ValueError'> not enough values to unpack (expected 2, got 1) b"\xab]\xf9m\x1b\xcbh\xd8~\r\xd3\xa7\xedi\x83\x01\xa5,\xcf\x9d\xc1\xd8T\xf0\xc9\xee\xda\x86\x1f\xb5\xdc\x86_@\x1f\xc9\xdb\xf0\x08\xfa\xd7\xf7\x8f\xa0\x1f\x7f\xfd\xe9\x87\x9fh(\xe4\x13\xf5\x17\xc8'\xed`[\x96t\x85\xe15-~ \x0c\xd3\x18\xcd\xd0\xb4\x92d1\n\xa3)\n\x87P%E\x12\x0c\xc10\x10M\xc2D\xb3\x16\x0e\x18N\xa8\x08\n\xe2a\x8e%H\x0ca\tLI30\xa2\xc2Q\x12$\xf35j\xe1P\xed\nP\xb7\xbb\x1av\x05\xd8\xd9^\xf0\xd7\xa5E\xcdG\xf3\x08f\xe3\x80\xde\x91*\xe6'\xa2!\x93\xbd4is{\xe6\xa2\xb6\x90\xad\x10\x13\xa4\xa8\xd11\xa3\x88]\x14l\xbe\xac\xfc\xb7\xddo\xdf]6\x1bYU\xac:\xdbn9\x1c\xceK\xc5\xb4\xf9q\xd8\x0fS\xa5\ta\xdc}WQ\xba\x1a|\xe8\xbc\x82@\xc4~b\xadz\xe2v#\x86W\x1bf\x1c\x0c\xa7JN\xd0\x00\x06\xf4>\x88\xc4\x81\x01C\x90\x92\x0f\xb2Br\xd0\x99\xd9\x8d\xba=\\"
[WARNING] 2017-12-04 21:21:37,078 - 6196 - root - data_received() - <class 'ValueError'> not enough values to unpack (expected 2, got 1) b'8F`\x14V;\x19\xa4\xdb\xf1i\xf3\x99\xc8\x9c~8\x19\xb5\x9e+\xde\x8fOo\xf3\x9a8\n\x16+\x86\x12\x18R[\x13\xb6\x81\xe89\xf7\xa3\x84+%$\xcc\xbbvE,:\xa5\x15\xfb\x0ef\xf2\xa1\xbb[\xbb\x1e\x1a\xca\t0M\xd3P\xb5(\xb6Lj\xcf\x93\xc8e\x93\xe8\xf0\x87C[\xb8\n\x96\x02\xd6^\x05L\xe6WDM\x88\xf3\x87=!\xf3\x0f\xdf\xcf\x85n\nSR\xf1\xd7\xb1\nz\xe4\xef5\xea\xde\xbe\x85*=2\xa2\x81\x91\xad\xaea\xb3l]t\x00\xf2\x13\x04\x86bT\xad%\x83s(h\x8b^K\xfc\x12\xb9\x1f\xb9o\xfea\x1b\xd7\x86\xa6\xf3(+\x0bf\x08&\x1fg\xb5\xb5a\x9f\xf3?J\xeb\r\xf9h(0\x12\x99\xdb\xb5kc\x91\x14+c\x15\xc8\xe4\xb7\xb8@\xcf\nb4J\xc14N\xed;\x98K\x17\x8b\x8eY\xfb\xb0+-\xf8\xbe\x9f\xdb\xc2\x85\xb0\x12p\x14\x8c\xc1\x98,\xe3{n\x86\xa6\xcc!\xbd\xc3sk\xec\xa5\xd5\xd3l\x9d\xee\xcc'
[WARNING] 2017-12-04 21:21:37,088 - 6196 - root - data_received() - <class 'ValueError'> not enough values to unpack (expected 2, got 1) b'\x97\xca[f\xcdg\x12a\x05\xe8\xb2\xa8w\x80fy&1z\xcb<,\xe9w\rb0\x84@Uf\x13t9\xaf\x18n\xbf\xcbh\xf8.V\xcd\xb43vG\xf2\x81\xe5\x85~8\xfc\x9d\xd7m\x1e\xb6\xcc\x8a\xb2|Si\xcd\xb9*\xec\x1a\x9a\xcdQ\x06"Y\x99\x9a*\x82!\x08\x0eQ\x11\x04Eq0M\xab\x18\x16\xc1I\x8emb\xa1\xc4y\x9cP\xb1,\xc3\x930\x86\xc3\x04\xca\xf1J\x06\x86T0\x85\xd1\x88J>{7\xdcK\x8fc\xbeU3-\xcd\x87\xe5\xbbZ\x18\x0f\xcb\xf74\xb7\xbeYf\x9d\xd9\xed\xb0\xbe\xd5#\xb8\xf5\x19O\x8b\x89\xf2Z\xfa\x96\xa1\xb2Z\x86\xe3(A\x13p\x9d\xe4\x95\xccZr\x1e\xcbX\xc2$\xa6n\xa4\x03\xc5t\xd6\x05\xea&&\xb3c\x17\xcdzs^~\x7fa\x0b%\xaf%X\xb7\x86\xedW\x96\xd8\xb4C\x8ck\x8b\xa6a\xde\xb4\x86`\xdd|O///\x7f\xae\xedT\x87\xa6\xb3\xc2\x10\xab\xc7W\xf1\xaa\xe7\x07\xff\x13\xbd#+\x9a'
[WARNING] 2017-12-04 21:21:37,090 - 6196 - root - data_received() - <class 'ValueError'> not enough values to unpack (expected 2, got 1) b"\xe8#\xeftnF\xfa1\xedB\xa1\xc4L\xf0\xe1\xce\n4j\xba\x94\xe7\xd5 C\xd1\xf7\x839b?\x979\xafw\x84<\x81\xab\x82\xe4\xcc\x9a\xcf\x80\xd6\x17\n\x93X\xf9`\xf4\xc5\xce\xeb\x84\xd1\x141Y\xc5\xabv\x02\x95',v\xcd~\xd5p:\x1bO\xc4\xd2\xdf\xe9\x87)\x08\xca\xdd\xf0?\xcf\x9c\x8f\xcc\x85~\xca\x8f\xba\x86\x82\xb7\xbc?\xa7|\xdb[fb\x89\xcc\xd7\xb2\xe6\xe7\xa2s\xeb\xe0\xe8m\xe3C\xeb\x84\xf8R?\x8c\xdb\x8a\xc5\\\xe1\xb9\xe7^\xf4\x97\x8d\x17v\xd8\x08P\xe57m\x88\xcc\xdf\xe9\xb6n\x98\xa0)\xa8\x96\xd0\x1at\xf9o\x83\xf2,\xb6;\xa3\x8f\\&\xd7\xe4F\xcb;\xec\xa4\xa9\xa8aMa\x94\x8c5\tC\xf3\xc1\xc0\xd6g\x89K\xe9<\x90|\x8c\x03\xa3\xb7w\xc8\xdc \x04\x98\x1b\x8a\xc0jPFG\xc0\xfa\t\xff\xe4\x0f\xc4\x9c\xc9a\xc1\x99p\xee\xb4\xd9Y\x17k\xa8J\x8c\x0b\x12\xe2\x7f+\xb6\x01\x8aEI\xd0\xf2\x12\xa90(\xef\xcf"
[WARNING] 2017-12-04 21:21:37,111 - 6196 - root - data_received() - <class 'ValueError'> not enough values to unpack (expected 2, got 1) b'\x8a#\x99\x9ccV\x91\x92\x1c\xf7\xff\xbfA\xa7\xc55d\x99\xad\x9d\xe1{\x06\x87\xbdk\xef\xda\xbb~\xad\x97\xa2\xc15\xef\xbceU8\xc2\xa9h\x04b8\x84\xe3\x95\x14\xcf"\x04\xaf\xa2P\x8e\')\x92\x85\xe8&f\t\x1a#(\x96`0\x96\xe0\x11\xf9\xc74\xc9\xf2\x04\xc9\xa3\x14\x8b\xc3J\x96!\xf8Fn\x19 \xd1\xcc+\xbf\xb2^.\x0b4\xf5\xaa:H\x85\xd5v\x01\x1b\xf2\xcar\xce\xb6e\xc90\x0b&\x87r\xd8\xd7\xd6f\'-<\xfd=@\xbc\xca\xdf\x1fu\xa9\xb4mj\xae\x8d@@\x96\xd2\x9f\xfaz\x18\x96?,K\x8d\xf0a\x1a"\x0f\xc3\xd0~\x98\xc6\xf6\xc38\xb1\x1fF\xb1\xc30\x0e\xcb\xfa9\x8eA\xd4\xbe\x831\xc1\xe1\x17\xa4\xe2xd\xce\x1c\xb9\x9d\xb2>\x94\xc6\xb70K\xb2\x05*(D\xd0\xfb\x0e:\x12\x91t\xee\xa7\xb4\xce;7\xf6R\x90\xc2\x05\xb3~\xd7\xa6W-2W-\x92Yd\xa1\xa5\x9aZ\x16\x1bI\x04\xec\x97m.{4\xeas\r'
[WARNING] 2017-12-04 21:21:37,111 - 6196 - root - data_received() - <class 'ValueError'> not enough values to unpack (expected 2, got 1) b'*Nfb\x0cC`4\xceC\xcdZ\xed\x90JTfp8F\xd18\x86 $MA\x0c\x82s4\x8f\xf0\x14\xaaDT\xe4\xaa\xd9\xde:\x02\xd4^\xf3\xb5]v\x1c \xbe\xa2dmO\x84\xef8\x92\xa5\xeb\x824\xfa"o\xd5;|/]&\xd1\xa00\x17#\xc1\xb4\xa4pO\xa7\xd3\xd6K;\xabjb3\xac\xe06\x08\x85\t\xa2\xbau\x8aiq\x10X\x02\r\x97\x93\xd1\xf1\x8b\x15\x83\x9c\xce`\x1c\xb0>\xd1\x19c\xce\xd4O\xb5\x94\x92\xdd\x80\x1b\x8c\x10m\x10\x8c\xd0t\xf5\xe4\xd0Y\xa3Cc\x17ug\x02#y\xd1y\xce\xff\xac\xe2\xc3\x11\xef\x0bR\xeeA&?\x96\x90q\x1b\xda=xa(Y\xc5\xcb[4\x98\x927\xf4\x8e\xf0\xf7\xce\xac \x8dY\x14\x82\xa7\xfc\xc2\xa4\xb0=,\xbf\x10w\x0fV(T\x9b-\xc7O\x82\xc7\xea\x1d\xbb(\xde\x1c\xbf\x98\x96\xd2\xf9\xf0\xcf\xb9t\xf4\xfc\xd8/\xa6i\xfdp\xf4\xbc\xefV:\x19;[\x14m\xa7\xc5\x1f\xf6l\xa5{'
[INFO] 2017-12-15 20:38:46,115 - 10404 - root - data_received() - ('120.198.201.156', 80) [b'HTTP/1.1 200 OK', b'Server: squid/3.5.24', b'Date: Fri, 15 Dec 2017 12:37:49 GMT', b'Content-Type: text/html', b'Transfer-Encoding: chunked', b'Connection: keep-alive', b'Vary: Accept-Encoding', b'Expires: Fri, 15 Dec 2017 12:37:48 GMT', b'Cache-Control: no-cache', b'X-Cache:  from shenzhen.qq.com']
